{
  message: 'Database connected is successfull',
  level: 'info',
  label: 'Jack',
  timestamp: '2025-09-17T14:02:34.707Z'
}
{
  message: 'Example app listening on port 5001',
  level: 'info',
  label: 'Jack',
  timestamp: '2025-09-17T14:02:34.712Z'
}
{
  message: 'Database connected is successfull',
  level: 'info',
  label: 'Jack',
  timestamp: '2025-09-17T14:09:19.343Z'
}
{
  message: 'Example app listening on port 5001',
  level: 'info',
  label: 'Jack',
  timestamp: '2025-09-17T14:09:19.348Z'
}
{
  message: 'Database connected is successfull',
  level: 'info',
  label: 'Jack',
  timestamp: '2025-09-17T14:09:30.159Z'
}
{
  message: 'Example app listening on port 5001',
  level: 'info',
  label: 'Jack',
  timestamp: '2025-09-17T14:09:30.164Z'
}
{
  message: 'Database connected is successfull',
  level: 'info',
  label: 'Jack',
  timestamp: '2025-09-17T14:10:29.428Z'
}
{
  message: 'Example app listening on port 5001',
  level: 'info',
  label: 'Jack',
  timestamp: '2025-09-17T14:10:29.435Z'
}
{
  message: 'Database connected is successfull',
  level: 'info',
  label: 'Jack',
  timestamp: '2025-09-17T14:12:12.828Z'
}
{
  message: 'Example app listening on port 5001',
  level: 'info',
  label: 'Jack',
  timestamp: '2025-09-17T14:12:12.834Z'
}
{
  message: 'Database connected is successfull',
  level: 'info',
  label: 'Jack',
  timestamp: '2025-09-17T14:15:19.509Z'
}
{
  message: 'Example app listening on port 5001',
  level: 'info',
  label: 'Jack',
  timestamp: '2025-09-17T14:15:19.514Z'
}
{
  message: 'Database connected is successfull',
  level: 'info',
  label: 'Jack',
  timestamp: '2025-09-17T14:15:25.115Z'
}
{
  message: 'Example app listening on port 5001',
  level: 'info',
  label: 'Jack',
  timestamp: '2025-09-17T14:15:25.121Z'
}
{
  message: 'Database connected is successfull',
  level: 'info',
  label: 'Jack',
  timestamp: '2025-09-17T14:16:56.622Z'
}
{
  message: 'Example app listening on port 5001',
  level: 'info',
  label: 'Jack',
  timestamp: '2025-09-17T14:16:56.627Z'
}
{
  message: 'Database connected is successfull',
  level: 'info',
  label: 'Jack',
  timestamp: '2025-09-17T14:17:07.758Z'
}
{
  message: 'Example app listening on port 5001',
  level: 'info',
  label: 'Jack',
  timestamp: '2025-09-17T14:17:07.764Z'
}
{
  message: 'Database connected is successfull',
  level: 'info',
  label: 'Jack',
  timestamp: '2025-09-17T14:26:16.044Z'
}
{
  message: 'Example app listening on port 5001',
  level: 'info',
  label: 'Jack',
  timestamp: '2025-09-17T14:26:16.051Z'
}
{
  message: 'Database connected is successfull',
  level: 'info',
  label: 'Jack',
  timestamp: '2025-09-17T14:28:47.975Z'
}
{
  message: 'Example app listening on port 5001',
  level: 'info',
  label: 'Jack',
  timestamp: '2025-09-17T14:28:47.981Z'
}
{
  message: 'Database connected is successfull',
  level: 'info',
  label: 'Jack',
  timestamp: '2025-09-17T14:29:52.929Z'
}
{
  message: 'Example app listening on port 5001',
  level: 'info',
  label: 'Jack',
  timestamp: '2025-09-17T14:29:52.934Z'
}
{
  message: 'Database connected is successfull',
  level: 'info',
  label: 'Jack',
  timestamp: '2025-09-17T14:30:08.028Z'
}
{
  message: 'Example app listening on port 5001',
  level: 'info',
  label: 'Jack',
  timestamp: '2025-09-17T14:30:08.036Z'
}
{
  message: 'Database connected is successfull',
  level: 'info',
  label: 'Jack',
  timestamp: '2025-09-17T14:34:23.015Z'
}
{
  message: 'Example app listening on port 5001',
  level: 'info',
  label: 'Jack',
  timestamp: '2025-09-17T14:34:23.020Z'
}
{
  message: 'Database connected is successfull',
  level: 'info',
  label: 'Jack',
  timestamp: '2025-09-17T14:34:45.086Z'
}
{
  message: 'Example app listening on port 5001',
  level: 'info',
  label: 'Jack',
  timestamp: '2025-09-17T14:34:45.091Z'
}
