{
  message: 'Database connected is successfull',
  level: 'info',
  label: 'Jack',
  timestamp: '2025-09-20T16:07:46.256Z'
}
{
  message: 'Example app listening on port 5001',
  level: 'info',
  label: 'Jack',
  timestamp: '2025-09-20T16:07:46.261Z'
}
{
  message: 'Database connected is successfull',
  level: 'info',
  label: 'Jack',
  timestamp: '2025-09-20T16:09:58.701Z'
}
{
  message: 'Example app listening on port 5001',
  level: 'info',
  label: 'Jack',
  timestamp: '2025-09-20T16:09:58.706Z'
}
