{
  message: 'Database connected is successfull',
  level: 'info',
  label: 'Jack',
  timestamp: '2025-09-17T15:23:38.269Z'
}
{
  message: 'Example app listening on port 5001',
  level: 'info',
  label: 'Jack',
  timestamp: '2025-09-17T15:23:38.296Z'
}
{
  message: 'Database connected is successfull',
  level: 'info',
  label: 'Jack',
  timestamp: '2025-09-17T15:24:01.508Z'
}
{
  message: 'Example app listening on port 5001',
  level: 'info',
  label: 'Jack',
  timestamp: '2025-09-17T15:24:01.513Z'
}
{
  message: 'Database connected is successfull',
  level: 'info',
  label: 'Jack',
  timestamp: '2025-09-17T15:26:04.110Z'
}
{
  message: 'Example app listening on port 5001',
  level: 'info',
  label: 'Jack',
  timestamp: '2025-09-17T15:26:04.115Z'
}
