{
  message: 'Database connected is successfull',
  level: 'info',
  label: 'Jack',
  timestamp: '2025-09-15T23:00:05.438Z'
}
{
  message: 'Example app listening on port 5001',
  level: 'info',
  label: 'Jack',
  timestamp: '2025-09-15T23:00:05.445Z'
}
{
  message: 'Database connected is successfull',
  level: 'info',
  label: 'Jack',
  timestamp: '2025-09-15T23:05:10.570Z'
}
{
  message: 'Example app listening on port 5001',
  level: 'info',
  label: 'Jack',
  timestamp: '2025-09-15T23:05:10.577Z'
}
{
  message: 'Database connected is successfull',
  level: 'info',
  label: 'Jack',
  timestamp: '2025-09-15T23:05:59.814Z'
}
{
  message: 'Example app listening on port 5001',
  level: 'info',
  label: 'Jack',
  timestamp: '2025-09-15T23:05:59.818Z'
}
{
  message: 'Database connected is successfull',
  level: 'info',
  label: 'Jack',
  timestamp: '2025-09-15T23:06:15.238Z'
}
{
  message: 'Example app listening on port 5001',
  level: 'info',
  label: 'Jack',
  timestamp: '2025-09-15T23:06:15.243Z'
}
{
  message: 'Database connected is successfull',
  level: 'info',
  label: 'Jack',
  timestamp: '2025-09-15T23:07:03.398Z'
}
{
  message: 'Example app listening on port 5001',
  level: 'info',
  label: 'Jack',
  timestamp: '2025-09-15T23:07:03.403Z'
}
{
  message: 'Database connected is successfull',
  level: 'info',
  label: 'Jack',
  timestamp: '2025-09-15T23:14:17.176Z'
}
{
  message: 'Example app listening on port 5001',
  level: 'info',
  label: 'Jack',
  timestamp: '2025-09-15T23:14:17.197Z'
}
