{
  message: 'Database connected is successfull',
  level: 'info',
  label: 'Jack',
  timestamp: '2025-09-19T02:39:58.633Z'
}
{
  message: 'Example app listening on port 5001',
  level: 'info',
  label: 'Jack',
  timestamp: '2025-09-19T02:39:58.649Z'
}
{
  message: 'Database connected is successfull',
  level: 'info',
  label: 'Jack',
  timestamp: '2025-09-19T02:47:40.679Z'
}
{
  message: 'Example app listening on port 5001',
  level: 'info',
  label: 'Jack',
  timestamp: '2025-09-19T02:47:40.684Z'
}
{
  message: 'Database connected is successfull',
  level: 'info',
  label: 'Jack',
  timestamp: '2025-09-19T02:55:33.203Z'
}
{
  message: 'Example app listening on port 5001',
  level: 'info',
  label: 'Jack',
  timestamp: '2025-09-19T02:55:33.216Z'
}
{
  message: 'Database connected is successfull',
  level: 'info',
  label: 'Jack',
  timestamp: '2025-09-19T02:56:54.280Z'
}
{
  message: 'Example app listening on port 5001',
  level: 'info',
  label: 'Jack',
  timestamp: '2025-09-19T02:56:54.285Z'
}
{
  message: 'Database connected is successfull',
  level: 'info',
  label: 'Jack',
  timestamp: '2025-09-19T02:57:33.679Z'
}
{
  message: 'Example app listening on port 5001',
  level: 'info',
  label: 'Jack',
  timestamp: '2025-09-19T02:57:33.684Z'
}
